<?xml version="1.0" encoding="UTF-8"?>
<coverage generated="1660381742447" clover="3.2.0">
  <project timestamp="1660381742447" name="All files">
    <metrics statements="111" coveredstatements="99" conditionals="32" coveredconditionals="28" methods="37" coveredmethods="33" elements="180" coveredelements="160" complexity="0" loc="111" ncloc="111" packages="2" files="2" classes="2"/>
    <package name="Promises">
      <metrics statements="100" coveredstatements="91" conditionals="32" coveredconditionals="28" methods="32" coveredmethods="31"/>
      <file name="MyPromise.js" path="C:\Users\aribh\Documents\Workspace\Web\Polyfills-JS\src\Promises\MyPromise.js">
        <metrics statements="100" coveredstatements="91" conditionals="32" coveredconditionals="28" methods="32" coveredmethods="31"/>
        <line num="1" count="1" type="stmt"/>
        <line num="11" count="122" type="stmt"/>
        <line num="12" count="122" type="stmt"/>
        <line num="13" count="122" type="stmt"/>
        <line num="14" count="122" type="stmt"/>
        <line num="20" count="122" type="stmt"/>
        <line num="22" count="122" type="stmt"/>
        <line num="23" count="122" type="stmt"/>
        <line num="25" count="0" type="stmt"/>
        <line num="32" count="207" type="cond" truecount="4" falsecount="0"/>
        <line num="33" count="60" type="stmt"/>
        <line num="34" count="62" type="stmt"/>
        <line num="37" count="60" type="stmt"/>
        <line num="39" count="147" type="cond" truecount="4" falsecount="0"/>
        <line num="40" count="22" type="stmt"/>
        <line num="41" count="23" type="stmt"/>
        <line num="44" count="22" type="stmt"/>
        <line num="48" count="102" type="stmt"/>
        <line num="49" count="102" type="cond" truecount="2" falsecount="0"/>
        <line num="50" count="2" type="stmt"/>
        <line num="54" count="100" type="cond" truecount="1" falsecount="1"/>
        <line num="55" count="0" type="stmt"/>
        <line num="56" count="0" type="stmt"/>
        <line num="59" count="100" type="stmt"/>
        <line num="60" count="100" type="stmt"/>
        <line num="61" count="100" type="stmt"/>
        <line num="65" count="23" type="stmt"/>
        <line num="66" count="23" type="cond" truecount="2" falsecount="0"/>
        <line num="67" count="1" type="stmt"/>
        <line num="71" count="22" type="cond" truecount="1" falsecount="1"/>
        <line num="72" count="0" type="stmt"/>
        <line num="73" count="0" type="stmt"/>
        <line num="77" count="22" type="cond" truecount="1" falsecount="1"/>
        <line num="78" count="0" type="stmt"/>
        <line num="82" count="22" type="stmt"/>
        <line num="83" count="22" type="stmt"/>
        <line num="84" count="22" type="stmt"/>
        <line num="88" count="85" type="stmt"/>
        <line num="90" count="85" type="stmt"/>
        <line num="92" count="62" type="cond" truecount="4" falsecount="0"/>
        <line num="93" count="10" type="stmt"/>
        <line num="94" count="10" type="stmt"/>
        <line num="97" count="52" type="stmt"/>
        <line num="98" count="52" type="stmt"/>
        <line num="100" count="1" type="stmt"/>
        <line num="104" count="85" type="stmt"/>
        <line num="106" count="23" type="cond" truecount="4" falsecount="0"/>
        <line num="107" count="6" type="stmt"/>
        <line num="108" count="6" type="stmt"/>
        <line num="111" count="17" type="stmt"/>
        <line num="112" count="17" type="stmt"/>
        <line num="114" count="2" type="stmt"/>
        <line num="120" count="85" type="stmt"/>
        <line num="125" count="22" type="stmt"/>
        <line num="129" count="8" type="stmt"/>
        <line num="131" count="6" type="stmt"/>
        <line num="132" count="6" type="stmt"/>
        <line num="135" count="2" type="stmt"/>
        <line num="136" count="2" type="stmt"/>
        <line num="144" count="1" type="stmt"/>
        <line num="145" count="1" type="stmt"/>
        <line num="150" count="1" type="stmt"/>
        <line num="151" count="1" type="stmt"/>
        <line num="158" count="2" type="stmt"/>
        <line num="159" count="2" type="stmt"/>
        <line num="161" count="2" type="stmt"/>
        <line num="162" count="2" type="stmt"/>
        <line num="163" count="4" type="stmt"/>
        <line num="165" count="4" type="stmt"/>
        <line num="166" count="3" type="stmt"/>
        <line num="167" count="3" type="stmt"/>
        <line num="168" count="3" type="cond" truecount="2" falsecount="0"/>
        <line num="169" count="1" type="stmt"/>
        <line num="180" count="1" type="stmt"/>
        <line num="181" count="1" type="stmt"/>
        <line num="183" count="1" type="stmt"/>
        <line num="184" count="1" type="stmt"/>
        <line num="185" count="2" type="stmt"/>
        <line num="187" count="2" type="stmt"/>
        <line num="188" count="1" type="stmt"/>
        <line num="190" count="1" type="stmt"/>
        <line num="192" count="2" type="stmt"/>
        <line num="193" count="2" type="cond" truecount="2" falsecount="0"/>
        <line num="194" count="1" type="stmt"/>
        <line num="202" count="2" type="stmt"/>
        <line num="203" count="2" type="stmt"/>
        <line num="205" count="2" type="stmt"/>
        <line num="206" count="2" type="stmt"/>
        <line num="207" count="4" type="stmt"/>
        <line num="209" count="4" type="stmt"/>
        <line num="210" count="1" type="stmt"/>
        <line num="211" count="1" type="stmt"/>
        <line num="212" count="1" type="cond" truecount="1" falsecount="1"/>
        <line num="213" count="0" type="stmt"/>
        <line num="222" count="2" type="stmt"/>
        <line num="223" count="2" type="stmt"/>
        <line num="224" count="4" type="stmt"/>
        <line num="233" count="0" type="stmt"/>
        <line num="234" count="0" type="stmt"/>
        <line num="238" count="1" type="stmt"/>
      </file>
    </package>
    <package name="TestingExample">
      <metrics statements="11" coveredstatements="8" conditionals="0" coveredconditionals="0" methods="5" coveredmethods="2"/>
      <file name="calculator.js" path="C:\Users\aribh\Documents\Workspace\Web\Polyfills-JS\src\TestingExample\calculator.js">
        <metrics statements="11" coveredstatements="8" conditionals="0" coveredconditionals="0" methods="5" coveredmethods="2"/>
        <line num="1" count="1" type="stmt"/>
        <line num="2" count="3" type="stmt"/>
        <line num="5" count="1" type="stmt"/>
        <line num="6" count="2" type="stmt"/>
        <line num="9" count="1" type="stmt"/>
        <line num="10" count="0" type="stmt"/>
        <line num="13" count="1" type="stmt"/>
        <line num="14" count="0" type="stmt"/>
        <line num="17" count="1" type="stmt"/>
        <line num="18" count="0" type="stmt"/>
        <line num="21" count="1" type="stmt"/>
      </file>
    </package>
  </project>
</coverage>
