{"C:\\Users\\aribh\\Documents\\Workspace\\Web\\Polyfills-JS\\src\\Promises\\MyPromise.js": {"path":"C:\\Users\\aribh\\Documents\\Workspace\\Web\\Polyfills-JS\\src\\Promises\\MyPromise.js","statementMap":{"0":{"start":{"line":1,"column":18},"end":{"line":5,"column":1}},"1":{"start":{"line":11,"column":22},"end":{"line":11,"column":24}},"2":{"start":{"line":12,"column":22},"end":{"line":12,"column":24}},"3":{"start":{"line":13,"column":21},"end":{"line":13,"column":47}},"4":{"start":{"line":14,"column":21},"end":{"line":14,"column":47}},"5":{"start":{"line":20,"column":8},"end":{"line":26,"column":9}},"6":{"start":{"line":22,"column":12},"end":{"line":22,"column":44}},"7":{"start":{"line":23,"column":12},"end":{"line":23,"column":63}},"8":{"start":{"line":25,"column":12},"end":{"line":25,"column":35}},"9":{"start":{"line":32,"column":8},"end":{"line":45,"column":9}},"10":{"start":{"line":33,"column":12},"end":{"line":35,"column":14}},"11":{"start":{"line":34,"column":16},"end":{"line":34,"column":37}},"12":{"start":{"line":37,"column":12},"end":{"line":37,"column":38}},"13":{"start":{"line":39,"column":13},"end":{"line":45,"column":9}},"14":{"start":{"line":40,"column":12},"end":{"line":42,"column":14}},"15":{"start":{"line":41,"column":16},"end":{"line":41,"column":37}},"16":{"start":{"line":44,"column":12},"end":{"line":44,"column":38}},"17":{"start":{"line":48,"column":8},"end":{"line":62,"column":10}},"18":{"start":{"line":49,"column":12},"end":{"line":51,"column":13}},"19":{"start":{"line":50,"column":16},"end":{"line":50,"column":23}},"20":{"start":{"line":54,"column":12},"end":{"line":57,"column":13}},"21":{"start":{"line":55,"column":16},"end":{"line":55,"column":69}},"22":{"start":{"line":56,"column":16},"end":{"line":56,"column":23}},"23":{"start":{"line":59,"column":12},"end":{"line":59,"column":32}},"24":{"start":{"line":60,"column":12},"end":{"line":60,"column":45}},"25":{"start":{"line":61,"column":12},"end":{"line":61,"column":33}},"26":{"start":{"line":65,"column":8},"end":{"line":85,"column":10}},"27":{"start":{"line":66,"column":12},"end":{"line":68,"column":13}},"28":{"start":{"line":67,"column":16},"end":{"line":67,"column":23}},"29":{"start":{"line":71,"column":12},"end":{"line":74,"column":13}},"30":{"start":{"line":72,"column":16},"end":{"line":72,"column":69}},"31":{"start":{"line":73,"column":16},"end":{"line":73,"column":22}},"32":{"start":{"line":77,"column":12},"end":{"line":79,"column":13}},"33":{"start":{"line":78,"column":16},"end":{"line":78,"column":54}},"34":{"start":{"line":82,"column":12},"end":{"line":82,"column":45}},"35":{"start":{"line":83,"column":12},"end":{"line":83,"column":32}},"36":{"start":{"line":84,"column":12},"end":{"line":84,"column":33}},"37":{"start":{"line":88,"column":8},"end":{"line":121,"column":11}},"38":{"start":{"line":90,"column":12},"end":{"line":102,"column":15}},"39":{"start":{"line":92,"column":16},"end":{"line":95,"column":17}},"40":{"start":{"line":93,"column":20},"end":{"line":93,"column":36}},"41":{"start":{"line":94,"column":20},"end":{"line":94,"column":27}},"42":{"start":{"line":97,"column":16},"end":{"line":101,"column":17}},"43":{"start":{"line":98,"column":20},"end":{"line":98,"column":44}},"44":{"start":{"line":100,"column":20},"end":{"line":100,"column":34}},"45":{"start":{"line":104,"column":12},"end":{"line":116,"column":15}},"46":{"start":{"line":106,"column":16},"end":{"line":109,"column":17}},"47":{"start":{"line":107,"column":20},"end":{"line":107,"column":35}},"48":{"start":{"line":108,"column":20},"end":{"line":108,"column":27}},"49":{"start":{"line":111,"column":16},"end":{"line":115,"column":17}},"50":{"start":{"line":112,"column":20},"end":{"line":112,"column":45}},"51":{"start":{"line":114,"column":20},"end":{"line":114,"column":34}},"52":{"start":{"line":120,"column":12},"end":{"line":120,"column":33}},"53":{"start":{"line":125,"column":8},"end":{"line":125,"column":44}},"54":{"start":{"line":129,"column":8},"end":{"line":138,"column":9}},"55":{"start":{"line":131,"column":16},"end":{"line":131,"column":21}},"56":{"start":{"line":132,"column":16},"end":{"line":132,"column":30}},"57":{"start":{"line":135,"column":16},"end":{"line":135,"column":21}},"58":{"start":{"line":136,"column":16},"end":{"line":136,"column":29}},"59":{"start":{"line":144,"column":8},"end":{"line":146,"column":10}},"60":{"start":{"line":145,"column":12},"end":{"line":145,"column":26}},"61":{"start":{"line":150,"column":8},"end":{"line":152,"column":10}},"62":{"start":{"line":151,"column":12},"end":{"line":151,"column":25}},"63":{"start":{"line":158,"column":24},"end":{"line":158,"column":26}},"64":{"start":{"line":159,"column":32},"end":{"line":159,"column":33}},"65":{"start":{"line":161,"column":8},"end":{"line":173,"column":10}},"66":{"start":{"line":162,"column":12},"end":{"line":172,"column":13}},"67":{"start":{"line":162,"column":23},"end":{"line":162,"column":24}},"68":{"start":{"line":163,"column":32},"end":{"line":163,"column":43}},"69":{"start":{"line":165,"column":16},"end":{"line":171,"column":33}},"70":{"start":{"line":166,"column":20},"end":{"line":166,"column":40}},"71":{"start":{"line":167,"column":20},"end":{"line":167,"column":39}},"72":{"start":{"line":168,"column":20},"end":{"line":170,"column":21}},"73":{"start":{"line":169,"column":24},"end":{"line":169,"column":41}},"74":{"start":{"line":180,"column":24},"end":{"line":180,"column":26}},"75":{"start":{"line":181,"column":32},"end":{"line":181,"column":33}},"76":{"start":{"line":183,"column":8},"end":{"line":198,"column":10}},"77":{"start":{"line":184,"column":12},"end":{"line":197,"column":13}},"78":{"start":{"line":184,"column":23},"end":{"line":184,"column":24}},"79":{"start":{"line":185,"column":32},"end":{"line":185,"column":43}},"80":{"start":{"line":187,"column":16},"end":{"line":196,"column":19}},"81":{"start":{"line":188,"column":20},"end":{"line":188,"column":68}},"82":{"start":{"line":190,"column":20},"end":{"line":190,"column":69}},"83":{"start":{"line":192,"column":20},"end":{"line":192,"column":40}},"84":{"start":{"line":193,"column":20},"end":{"line":195,"column":21}},"85":{"start":{"line":194,"column":24},"end":{"line":194,"column":41}},"86":{"start":{"line":202,"column":23},"end":{"line":202,"column":25}},"87":{"start":{"line":203,"column":31},"end":{"line":203,"column":32}},"88":{"start":{"line":205,"column":8},"end":{"line":217,"column":10}},"89":{"start":{"line":206,"column":12},"end":{"line":216,"column":13}},"90":{"start":{"line":206,"column":23},"end":{"line":206,"column":24}},"91":{"start":{"line":207,"column":32},"end":{"line":207,"column":43}},"92":{"start":{"line":209,"column":16},"end":{"line":215,"column":19}},"93":{"start":{"line":210,"column":20},"end":{"line":210,"column":39}},"94":{"start":{"line":211,"column":20},"end":{"line":211,"column":38}},"95":{"start":{"line":212,"column":20},"end":{"line":214,"column":21}},"96":{"start":{"line":213,"column":24},"end":{"line":213,"column":89}},"97":{"start":{"line":222,"column":8},"end":{"line":226,"column":10}},"98":{"start":{"line":223,"column":12},"end":{"line":225,"column":15}},"99":{"start":{"line":224,"column":16},"end":{"line":224,"column":52}},"100":{"start":{"line":233,"column":8},"end":{"line":233,"column":21}},"101":{"start":{"line":234,"column":8},"end":{"line":234,"column":48}},"102":{"start":{"line":238,"column":0},"end":{"line":238,"column":27}}},"fnMap":{"0":{"name":"(anonymous_0)","decl":{"start":{"line":19,"column":4},"end":{"line":19,"column":5}},"loc":{"start":{"line":19,"column":25},"end":{"line":29,"column":5}},"line":19},"1":{"name":"(anonymous_1)","decl":{"start":{"line":33,"column":42},"end":{"line":33,"column":43}},"loc":{"start":{"line":33,"column":54},"end":{"line":35,"column":13}},"line":33},"2":{"name":"(anonymous_2)","decl":{"start":{"line":40,"column":42},"end":{"line":40,"column":43}},"loc":{"start":{"line":40,"column":54},"end":{"line":42,"column":13}},"line":40},"3":{"name":"(anonymous_3)","decl":{"start":{"line":48,"column":23},"end":{"line":48,"column":24}},"loc":{"start":{"line":48,"column":29},"end":{"line":62,"column":9}},"line":48},"4":{"name":"(anonymous_4)","decl":{"start":{"line":65,"column":23},"end":{"line":65,"column":24}},"loc":{"start":{"line":65,"column":29},"end":{"line":85,"column":9}},"line":65},"5":{"name":"(anonymous_5)","decl":{"start":{"line":87,"column":4},"end":{"line":87,"column":5}},"loc":{"start":{"line":87,"column":26},"end":{"line":122,"column":5}},"line":87},"6":{"name":"(anonymous_6)","decl":{"start":{"line":88,"column":29},"end":{"line":88,"column":30}},"loc":{"start":{"line":88,"column":50},"end":{"line":121,"column":9}},"line":88},"7":{"name":"(anonymous_7)","decl":{"start":{"line":90,"column":38},"end":{"line":90,"column":39}},"loc":{"start":{"line":90,"column":48},"end":{"line":102,"column":13}},"line":90},"8":{"name":"(anonymous_8)","decl":{"start":{"line":104,"column":38},"end":{"line":104,"column":39}},"loc":{"start":{"line":104,"column":48},"end":{"line":116,"column":13}},"line":104},"9":{"name":"(anonymous_9)","decl":{"start":{"line":124,"column":4},"end":{"line":124,"column":5}},"loc":{"start":{"line":124,"column":19},"end":{"line":126,"column":5}},"line":124},"10":{"name":"(anonymous_10)","decl":{"start":{"line":128,"column":4},"end":{"line":128,"column":5}},"loc":{"start":{"line":128,"column":15},"end":{"line":139,"column":5}},"line":128},"11":{"name":"(anonymous_11)","decl":{"start":{"line":130,"column":12},"end":{"line":130,"column":13}},"loc":{"start":{"line":130,"column":24},"end":{"line":133,"column":13}},"line":130},"12":{"name":"(anonymous_12)","decl":{"start":{"line":134,"column":12},"end":{"line":134,"column":13}},"loc":{"start":{"line":134,"column":24},"end":{"line":137,"column":13}},"line":134},"13":{"name":"(anonymous_13)","decl":{"start":{"line":143,"column":4},"end":{"line":143,"column":5}},"loc":{"start":{"line":143,"column":26},"end":{"line":147,"column":5}},"line":143},"14":{"name":"(anonymous_14)","decl":{"start":{"line":144,"column":29},"end":{"line":144,"column":30}},"loc":{"start":{"line":144,"column":40},"end":{"line":146,"column":9}},"line":144},"15":{"name":"(anonymous_15)","decl":{"start":{"line":149,"column":4},"end":{"line":149,"column":5}},"loc":{"start":{"line":149,"column":25},"end":{"line":153,"column":5}},"line":149},"16":{"name":"(anonymous_16)","decl":{"start":{"line":150,"column":29},"end":{"line":150,"column":30}},"loc":{"start":{"line":150,"column":50},"end":{"line":152,"column":9}},"line":150},"17":{"name":"(anonymous_17)","decl":{"start":{"line":157,"column":4},"end":{"line":157,"column":5}},"loc":{"start":{"line":157,"column":24},"end":{"line":174,"column":5}},"line":157},"18":{"name":"(anonymous_18)","decl":{"start":{"line":161,"column":29},"end":{"line":161,"column":30}},"loc":{"start":{"line":161,"column":50},"end":{"line":173,"column":9}},"line":161},"19":{"name":"(anonymous_19)","decl":{"start":{"line":165,"column":29},"end":{"line":165,"column":30}},"loc":{"start":{"line":165,"column":38},"end":{"line":171,"column":17}},"line":165},"20":{"name":"(anonymous_20)","decl":{"start":{"line":179,"column":4},"end":{"line":179,"column":5}},"loc":{"start":{"line":179,"column":32},"end":{"line":199,"column":5}},"line":179},"21":{"name":"(anonymous_21)","decl":{"start":{"line":183,"column":29},"end":{"line":183,"column":30}},"loc":{"start":{"line":183,"column":50},"end":{"line":198,"column":9}},"line":183},"22":{"name":"(anonymous_22)","decl":{"start":{"line":187,"column":29},"end":{"line":187,"column":30}},"loc":{"start":{"line":187,"column":38},"end":{"line":189,"column":17}},"line":187},"23":{"name":"(anonymous_23)","decl":{"start":{"line":189,"column":25},"end":{"line":189,"column":26}},"loc":{"start":{"line":189,"column":35},"end":{"line":191,"column":17}},"line":189},"24":{"name":"(anonymous_24)","decl":{"start":{"line":191,"column":27},"end":{"line":191,"column":28}},"loc":{"start":{"line":191,"column":33},"end":{"line":196,"column":17}},"line":191},"25":{"name":"(anonymous_25)","decl":{"start":{"line":201,"column":4},"end":{"line":201,"column":5}},"loc":{"start":{"line":201,"column":24},"end":{"line":218,"column":5}},"line":201},"26":{"name":"(anonymous_26)","decl":{"start":{"line":205,"column":29},"end":{"line":205,"column":30}},"loc":{"start":{"line":205,"column":50},"end":{"line":217,"column":9}},"line":205},"27":{"name":"(anonymous_27)","decl":{"start":{"line":209,"column":44},"end":{"line":209,"column":45}},"loc":{"start":{"line":209,"column":53},"end":{"line":215,"column":17}},"line":209},"28":{"name":"(anonymous_28)","decl":{"start":{"line":220,"column":4},"end":{"line":220,"column":5}},"loc":{"start":{"line":220,"column":25},"end":{"line":227,"column":5}},"line":220},"29":{"name":"(anonymous_29)","decl":{"start":{"line":222,"column":29},"end":{"line":222,"column":30}},"loc":{"start":{"line":222,"column":50},"end":{"line":226,"column":9}},"line":222},"30":{"name":"(anonymous_30)","decl":{"start":{"line":223,"column":29},"end":{"line":223,"column":30}},"loc":{"start":{"line":223,"column":40},"end":{"line":225,"column":13}},"line":223},"31":{"name":"(anonymous_31)","decl":{"start":{"line":232,"column":4},"end":{"line":232,"column":5}},"loc":{"start":{"line":232,"column":23},"end":{"line":235,"column":5}},"line":232}},"branchMap":{"0":{"loc":{"start":{"line":32,"column":8},"end":{"line":45,"column":9}},"type":"if","locations":[{"start":{"line":32,"column":8},"end":{"line":45,"column":9}},{"start":{"line":39,"column":13},"end":{"line":45,"column":9}}],"line":32},"1":{"loc":{"start":{"line":32,"column":11},"end":{"line":32,"column":76}},"type":"binary-expr","locations":[{"start":{"line":32,"column":11},"end":{"line":32,"column":38}},{"start":{"line":32,"column":42},"end":{"line":32,"column":76}}],"line":32},"2":{"loc":{"start":{"line":39,"column":13},"end":{"line":45,"column":9}},"type":"if","locations":[{"start":{"line":39,"column":13},"end":{"line":45,"column":9}},{"start":{},"end":{}}],"line":39},"3":{"loc":{"start":{"line":39,"column":16},"end":{"line":39,"column":81}},"type":"binary-expr","locations":[{"start":{"line":39,"column":16},"end":{"line":39,"column":43}},{"start":{"line":39,"column":47},"end":{"line":39,"column":81}}],"line":39},"4":{"loc":{"start":{"line":49,"column":12},"end":{"line":51,"column":13}},"type":"if","locations":[{"start":{"line":49,"column":12},"end":{"line":51,"column":13}},{"start":{},"end":{}}],"line":49},"5":{"loc":{"start":{"line":54,"column":12},"end":{"line":57,"column":13}},"type":"if","locations":[{"start":{"line":54,"column":12},"end":{"line":57,"column":13}},{"start":{},"end":{}}],"line":54},"6":{"loc":{"start":{"line":66,"column":12},"end":{"line":68,"column":13}},"type":"if","locations":[{"start":{"line":66,"column":12},"end":{"line":68,"column":13}},{"start":{},"end":{}}],"line":66},"7":{"loc":{"start":{"line":71,"column":12},"end":{"line":74,"column":13}},"type":"if","locations":[{"start":{"line":71,"column":12},"end":{"line":74,"column":13}},{"start":{},"end":{}}],"line":71},"8":{"loc":{"start":{"line":77,"column":12},"end":{"line":79,"column":13}},"type":"if","locations":[{"start":{"line":77,"column":12},"end":{"line":79,"column":13}},{"start":{},"end":{}}],"line":77},"9":{"loc":{"start":{"line":92,"column":16},"end":{"line":95,"column":17}},"type":"if","locations":[{"start":{"line":92,"column":16},"end":{"line":95,"column":17}},{"start":{},"end":{}}],"line":92},"10":{"loc":{"start":{"line":92,"column":19},"end":{"line":92,"column":58}},"type":"binary-expr","locations":[{"start":{"line":92,"column":19},"end":{"line":92,"column":26}},{"start":{"line":92,"column":30},"end":{"line":92,"column":58}}],"line":92},"11":{"loc":{"start":{"line":106,"column":16},"end":{"line":109,"column":17}},"type":"if","locations":[{"start":{"line":106,"column":16},"end":{"line":109,"column":17}},{"start":{},"end":{}}],"line":106},"12":{"loc":{"start":{"line":106,"column":19},"end":{"line":106,"column":60}},"type":"binary-expr","locations":[{"start":{"line":106,"column":19},"end":{"line":106,"column":27}},{"start":{"line":106,"column":31},"end":{"line":106,"column":60}}],"line":106},"13":{"loc":{"start":{"line":168,"column":20},"end":{"line":170,"column":21}},"type":"if","locations":[{"start":{"line":168,"column":20},"end":{"line":170,"column":21}},{"start":{},"end":{}}],"line":168},"14":{"loc":{"start":{"line":193,"column":20},"end":{"line":195,"column":21}},"type":"if","locations":[{"start":{"line":193,"column":20},"end":{"line":195,"column":21}},{"start":{},"end":{}}],"line":193},"15":{"loc":{"start":{"line":212,"column":20},"end":{"line":214,"column":21}},"type":"if","locations":[{"start":{"line":212,"column":20},"end":{"line":214,"column":21}},{"start":{},"end":{}}],"line":212}},"s":{"0":1,"1":122,"2":122,"3":122,"4":122,"5":122,"6":122,"7":122,"8":0,"9":207,"10":60,"11":62,"12":60,"13":147,"14":22,"15":23,"16":22,"17":102,"18":102,"19":2,"20":100,"21":0,"22":0,"23":100,"24":100,"25":100,"26":23,"27":23,"28":1,"29":22,"30":0,"31":0,"32":22,"33":0,"34":22,"35":22,"36":22,"37":85,"38":85,"39":62,"40":10,"41":10,"42":52,"43":52,"44":1,"45":85,"46":23,"47":6,"48":6,"49":17,"50":17,"51":2,"52":85,"53":22,"54":8,"55":6,"56":6,"57":2,"58":2,"59":1,"60":1,"61":1,"62":1,"63":2,"64":2,"65":2,"66":2,"67":2,"68":4,"69":4,"70":3,"71":3,"72":3,"73":1,"74":1,"75":1,"76":1,"77":1,"78":1,"79":2,"80":2,"81":1,"82":1,"83":2,"84":2,"85":1,"86":2,"87":2,"88":2,"89":2,"90":2,"91":4,"92":4,"93":1,"94":1,"95":1,"96":0,"97":2,"98":2,"99":4,"100":0,"101":0,"102":1},"f":{"0":122,"1":62,"2":23,"3":102,"4":23,"5":85,"6":85,"7":62,"8":23,"9":22,"10":8,"11":6,"12":2,"13":1,"14":1,"15":1,"16":1,"17":2,"18":2,"19":3,"20":1,"21":1,"22":1,"23":1,"24":2,"25":2,"26":2,"27":1,"28":2,"29":2,"30":4,"31":0},"b":{"0":[60,147],"1":[207,166],"2":[22,125],"3":[147,106],"4":[2,100],"5":[0,100],"6":[1,22],"7":[0,22],"8":[0,22],"9":[10,52],"10":[62,52],"11":[6,17],"12":[23,17],"13":[1,2],"14":[1,1],"15":[0,1]},"_coverageSchema":"1a1c01bbd47fc00a2c39e90264f33305004495a9","hash":"4e4cdd386fafa8191d0f2702a804636bde31d297"}
,"C:\\Users\\aribh\\Documents\\Workspace\\Web\\Polyfills-JS\\src\\TestingExample\\calculator.js": {"path":"C:\\Users\\aribh\\Documents\\Workspace\\Web\\Polyfills-JS\\src\\TestingExample\\calculator.js","statementMap":{"0":{"start":{"line":1,"column":12},"end":{"line":3,"column":1}},"1":{"start":{"line":2,"column":4},"end":{"line":2,"column":19}},"2":{"start":{"line":5,"column":17},"end":{"line":7,"column":1}},"3":{"start":{"line":6,"column":4},"end":{"line":6,"column":17}},"4":{"start":{"line":9,"column":17},"end":{"line":11,"column":1}},"5":{"start":{"line":10,"column":4},"end":{"line":10,"column":17}},"6":{"start":{"line":13,"column":15},"end":{"line":15,"column":1}},"7":{"start":{"line":14,"column":4},"end":{"line":14,"column":17}},"8":{"start":{"line":17,"column":15},"end":{"line":19,"column":1}},"9":{"start":{"line":18,"column":4},"end":{"line":18,"column":17}},"10":{"start":{"line":21,"column":0},"end":{"line":23,"column":1}}},"fnMap":{"0":{"name":"(anonymous_0)","decl":{"start":{"line":1,"column":12},"end":{"line":1,"column":13}},"loc":{"start":{"line":1,"column":22},"end":{"line":3,"column":1}},"line":1},"1":{"name":"(anonymous_1)","decl":{"start":{"line":5,"column":17},"end":{"line":5,"column":18}},"loc":{"start":{"line":5,"column":27},"end":{"line":7,"column":1}},"line":5},"2":{"name":"(anonymous_2)","decl":{"start":{"line":9,"column":17},"end":{"line":9,"column":18}},"loc":{"start":{"line":9,"column":27},"end":{"line":11,"column":1}},"line":9},"3":{"name":"(anonymous_3)","decl":{"start":{"line":13,"column":15},"end":{"line":13,"column":16}},"loc":{"start":{"line":13,"column":25},"end":{"line":15,"column":1}},"line":13},"4":{"name":"(anonymous_4)","decl":{"start":{"line":17,"column":15},"end":{"line":17,"column":16}},"loc":{"start":{"line":17,"column":25},"end":{"line":19,"column":1}},"line":17}},"branchMap":{},"s":{"0":1,"1":3,"2":1,"3":2,"4":1,"5":0,"6":1,"7":0,"8":1,"9":0,"10":1},"f":{"0":3,"1":2,"2":0,"3":0,"4":0},"b":{},"_coverageSchema":"1a1c01bbd47fc00a2c39e90264f33305004495a9","hash":"999b810959ad8ae31ca163ffb7393ee99c3beda2"}
}
