TN:
SF:src\Promises\MyPromise.js
FN:19,(anonymous_0)
FN:33,(anonymous_1)
FN:40,(anonymous_2)
FN:48,(anonymous_3)
FN:65,(anonymous_4)
FN:87,(anonymous_5)
FN:88,(anonymous_6)
FN:90,(anonymous_7)
FN:104,(anonymous_8)
FN:124,(anonymous_9)
FN:128,(anonymous_10)
FN:130,(anonymous_11)
FN:134,(anonymous_12)
FN:143,(anonymous_13)
FN:144,(anonymous_14)
FN:149,(anonymous_15)
FN:150,(anonymous_16)
FN:157,(anonymous_17)
FN:161,(anonymous_18)
FN:165,(anonymous_19)
FN:179,(anonymous_20)
FN:183,(anonymous_21)
FN:187,(anonymous_22)
FN:189,(anonymous_23)
FN:191,(anonymous_24)
FN:201,(anonymous_25)
FN:205,(anonymous_26)
FN:209,(anonymous_27)
FN:220,(anonymous_28)
FN:222,(anonymous_29)
FN:223,(anonymous_30)
FN:232,(anonymous_31)
FNF:32
FNH:31
FNDA:122,(anonymous_0)
FNDA:62,(anonymous_1)
FNDA:23,(anonymous_2)
FNDA:102,(anonymous_3)
FNDA:23,(anonymous_4)
FNDA:85,(anonymous_5)
FNDA:85,(anonymous_6)
FNDA:62,(anonymous_7)
FNDA:23,(anonymous_8)
FNDA:22,(anonymous_9)
FNDA:8,(anonymous_10)
FNDA:6,(anonymous_11)
FNDA:2,(anonymous_12)
FNDA:1,(anonymous_13)
FNDA:1,(anonymous_14)
FNDA:1,(anonymous_15)
FNDA:1,(anonymous_16)
FNDA:2,(anonymous_17)
FNDA:2,(anonymous_18)
FNDA:3,(anonymous_19)
FNDA:1,(anonymous_20)
FNDA:1,(anonymous_21)
FNDA:1,(anonymous_22)
FNDA:1,(anonymous_23)
FNDA:2,(anonymous_24)
FNDA:2,(anonymous_25)
FNDA:2,(anonymous_26)
FNDA:1,(anonymous_27)
FNDA:2,(anonymous_28)
FNDA:2,(anonymous_29)
FNDA:4,(anonymous_30)
FNDA:0,(anonymous_31)
DA:1,1
DA:11,122
DA:12,122
DA:13,122
DA:14,122
DA:20,122
DA:22,122
DA:23,122
DA:25,0
DA:32,207
DA:33,60
DA:34,62
DA:37,60
DA:39,147
DA:40,22
DA:41,23
DA:44,22
DA:48,102
DA:49,102
DA:50,2
DA:54,100
DA:55,0
DA:56,0
DA:59,100
DA:60,100
DA:61,100
DA:65,23
DA:66,23
DA:67,1
DA:71,22
DA:72,0
DA:73,0
DA:77,22
DA:78,0
DA:82,22
DA:83,22
DA:84,22
DA:88,85
DA:90,85
DA:92,62
DA:93,10
DA:94,10
DA:97,52
DA:98,52
DA:100,1
DA:104,85
DA:106,23
DA:107,6
DA:108,6
DA:111,17
DA:112,17
DA:114,2
DA:120,85
DA:125,22
DA:129,8
DA:131,6
DA:132,6
DA:135,2
DA:136,2
DA:144,1
DA:145,1
DA:150,1
DA:151,1
DA:158,2
DA:159,2
DA:161,2
DA:162,2
DA:163,4
DA:165,4
DA:166,3
DA:167,3
DA:168,3
DA:169,1
DA:180,1
DA:181,1
DA:183,1
DA:184,1
DA:185,2
DA:187,2
DA:188,1
DA:190,1
DA:192,2
DA:193,2
DA:194,1
DA:202,2
DA:203,2
DA:205,2
DA:206,2
DA:207,4
DA:209,4
DA:210,1
DA:211,1
DA:212,1
DA:213,0
DA:222,2
DA:223,2
DA:224,4
DA:233,0
DA:234,0
DA:238,1
LF:100
LH:91
BRDA:32,0,0,60
BRDA:32,0,1,147
BRDA:32,1,0,207
BRDA:32,1,1,166
BRDA:39,2,0,22
BRDA:39,2,1,125
BRDA:39,3,0,147
BRDA:39,3,1,106
BRDA:49,4,0,2
BRDA:49,4,1,100
BRDA:54,5,0,0
BRDA:54,5,1,100
BRDA:66,6,0,1
BRDA:66,6,1,22
BRDA:71,7,0,0
BRDA:71,7,1,22
BRDA:77,8,0,0
BRDA:77,8,1,22
BRDA:92,9,0,10
BRDA:92,9,1,52
BRDA:92,10,0,62
BRDA:92,10,1,52
BRDA:106,11,0,6
BRDA:106,11,1,17
BRDA:106,12,0,23
BRDA:106,12,1,17
BRDA:168,13,0,1
BRDA:168,13,1,2
BRDA:193,14,0,1
BRDA:193,14,1,1
BRDA:212,15,0,0
BRDA:212,15,1,1
BRF:32
BRH:28
end_of_record
TN:
SF:src\TestingExample\calculator.js
FN:1,(anonymous_0)
FN:5,(anonymous_1)
FN:9,(anonymous_2)
FN:13,(anonymous_3)
FN:17,(anonymous_4)
FNF:5
FNH:2
FNDA:3,(anonymous_0)
FNDA:2,(anonymous_1)
FNDA:0,(anonymous_2)
FNDA:0,(anonymous_3)
FNDA:0,(anonymous_4)
DA:1,1
DA:2,3
DA:5,1
DA:6,2
DA:9,1
DA:10,0
DA:13,1
DA:14,0
DA:17,1
DA:18,0
DA:21,1
LF:11
LH:8
BRF:0
BRH:0
end_of_record
